<?xml version="1.0" encoding="UTF-8"?>
<testng-results skipped="0" failed="0" ignored="0" total="1" passed="1">
  <reporter-output>
  </reporter-output>
  <suite name="Default suite" duration-ms="20150" started-at="2020-09-27T08:43:16Z" finished-at="2020-09-27T08:43:37Z">
    <groups>
    </groups>
    <test name="Default test" duration-ms="20150" started-at="2020-09-27T08:43:16Z" finished-at="2020-09-27T08:43:37Z">
      <class name="TestCases.Test1">
        <test-method status="PASS" signature="Tes()[pri:0, instance:TestCases.Test1@6767c1fc]" name="Tes" duration-ms="20112" started-at="2020-09-27T08:43:16Z" finished-at="2020-09-27T08:43:37Z">
          <reporter-output>
          </reporter-output>
        </test-method> <!-- Tes -->
      </class> <!-- TestCases.Test1 -->
    </test> <!-- Default test -->
  </suite> <!-- Default suite -->
</testng-results>
