<?xml version="1.0" encoding="UTF-8"?>
<testng-results skipped="0" failed="0" ignored="0" total="1" passed="1">
  <reporter-output>
  </reporter-output>
  <suite name="Default suite" duration-ms="45608" started-at="2020-10-11T16:09:41Z" finished-at="2020-10-11T16:10:27Z">
    <groups>
    </groups>
    <test name="Default test" duration-ms="45608" started-at="2020-10-11T16:09:41Z" finished-at="2020-10-11T16:10:27Z">
      <class name="TestCases.Test1">
        <test-method status="PASS" signature="Tes()[pri:0, instance:TestCases.Test1@23fe1d71]" name="Tes" duration-ms="45016" started-at="2020-10-11T16:09:41Z" finished-at="2020-10-11T16:10:26Z">
          <reporter-output>
          </reporter-output>
        </test-method> <!-- Tes -->
        <test-method status="PASS" signature="FlushReports()[pri:0, instance:TestCases.Test1@23fe1d71]" name="FlushReports" is-config="true" duration-ms="549" started-at="2020-10-11T16:10:26Z" finished-at="2020-10-11T16:10:27Z">
          <reporter-output>
          </reporter-output>
        </test-method> <!-- FlushReports -->
      </class> <!-- TestCases.Test1 -->
    </test> <!-- Default test -->
  </suite> <!-- Default suite -->
</testng-results>
